nohup: ignoring input

  .   ____          _            __ _ _
 /\\ / ___'_ __ _ _(_)_ __  __ _ \ \ \ \
( ( )\___ | '_ | '_| | '_ \/ _` | \ \ \ \
 \\/  ___)| |_)| | | | | || (_| |  ) ) ) )
  '  |____| .__|_| |_|_| |_\__, | / / / /
 =========|_|==============|___/=/_/_/_/
 :: Spring Boot ::       (v2.4.0-SNAPSHOT)

2021-11-22 07:44:24.650  INFO 8064 --- [           main] nextstep.subway.SubwayApplication        : Starting SubwayApplication using Java 11.0.11 on ip-198-168-100-115 with PID 8064 (/home/ubuntu/infra-subway-deploy/build/libs/subway-0.0.1-SNAPSHOT.jar started by ubuntu in /home/ubuntu/infra-subway-deploy)
2021-11-22 07:44:24.657  INFO 8064 --- [           main] nextstep.subway.SubwayApplication        : The following profiles are active: prod
2021-11-22 07:44:26.349  INFO 8064 --- [           main] .s.d.r.c.RepositoryConfigurationDelegate : Bootstrapping Spring Data JPA repositories in DEFAULT mode.
2021-11-22 07:44:26.550  INFO 8064 --- [           main] .s.d.r.c.RepositoryConfigurationDelegate : Finished Spring Data repository scanning in 179 ms. Found 4 JPA repository interfaces.
2021-11-22 07:44:28.010  INFO 8064 --- [           main] trationDelegate$BeanPostProcessorChecker : Bean 'pl.allegro.tech.boot.autoconfigure.handlebars.HandlebarsHelpersAutoConfiguration' of type [pl.allegro.tech.boot.autoconfigure.handlebars.HandlebarsHelpersAutoConfiguration$$EnhancerBySpringCGLIB$$3f841913] is not eligible for getting processed by all BeanPostProcessors (for example: not eligible for auto-proxying)
2021-11-22 07:44:28.043  INFO 8064 --- [           main] trationDelegate$BeanPostProcessorChecker : Bean 'org.springframework.boot.autoconfigure.flyway.FlywayAutoConfiguration' of type [org.springframework.boot.autoconfigure.flyway.FlywayAutoConfiguration] is not eligible for getting processed by all BeanPostProcessors (for example: not eligible for auto-proxying)
2021-11-22 07:44:28.045  INFO 8064 --- [           main] trationDelegate$BeanPostProcessorChecker : Bean 'stringOrNumberMigrationVersionConverter' of type [org.springframework.boot.autoconfigure.flyway.FlywayAutoConfiguration$StringOrNumberToMigrationVersionConverter] is not eligible for getting processed by all BeanPostProcessors (for example: not eligible for auto-proxying)
2021-11-22 07:44:28.061  INFO 8064 --- [           main] trationDelegate$BeanPostProcessorChecker : Bean 'handlebars.resolver-pl.allegro.tech.boot.autoconfigure.handlebars.HandlebarsValueResolversProperties' of type [pl.allegro.tech.boot.autoconfigure.handlebars.HandlebarsValueResolversProperties] is not eligible for getting processed by all BeanPostProcessors (for example: not eligible for auto-proxying)
2021-11-22 07:44:28.086  INFO 8064 --- [           main] trationDelegate$BeanPostProcessorChecker : Bean 'handlebars-pl.allegro.tech.boot.autoconfigure.handlebars.HandlebarsProperties' of type [pl.allegro.tech.boot.autoconfigure.handlebars.HandlebarsProperties] is not eligible for getting processed by all BeanPostProcessors (for example: not eligible for auto-proxying)
2021-11-22 07:44:28.091  INFO 8064 --- [           main] trationDelegate$BeanPostProcessorChecker : Bean 'pl.allegro.tech.boot.autoconfigure.handlebars.HandlebarsAutoConfiguration$HandlebarsViewResolverConfiguration' of type [pl.allegro.tech.boot.autoconfigure.handlebars.HandlebarsAutoConfiguration$HandlebarsViewResolverConfiguration$$EnhancerBySpringCGLIB$$526b43b1] is not eligible for getting processed by all BeanPostProcessors (for example: not eligible for auto-proxying)
2021-11-22 07:44:28.318  INFO 8064 --- [           main] trationDelegate$BeanPostProcessorChecker : Bean 'handlebarsViewResolver' of type [com.github.jknack.handlebars.springmvc.HandlebarsViewResolver] is not eligible for getting processed by all BeanPostProcessors (for example: not eligible for auto-proxying)
2021-11-22 07:44:29.027  INFO 8064 --- [           main] o.s.b.w.embedded.tomcat.TomcatWebServer  : Tomcat initialized with port(s): 8080 (http)
2021-11-22 07:44:29.053  INFO 8064 --- [           main] o.apache.catalina.core.StandardService   : Starting service [Tomcat]
2021-11-22 07:44:29.054  INFO 8064 --- [           main] org.apache.catalina.core.StandardEngine  : Starting Servlet engine: [Apache Tomcat/9.0.39]
2021-11-22 07:44:29.212  INFO 8064 --- [           main] o.a.c.c.C.[Tomcat].[localhost].[/]       : Initializing Spring embedded WebApplicationContext
2021-11-22 07:44:29.219  INFO 8064 --- [           main] w.s.c.ServletWebServerApplicationContext : Root WebApplicationContext: initialization completed in 4378 ms
2021-11-22 07:44:29.998  INFO 8064 --- [           main] n.r.s.b.l.access.LogbackAccessContext    : Configured the Logback-access: context=[default], config=[classpath:logback-access.xml]
2021-11-22 07:44:30.368  INFO 8064 --- [           main] o.f.c.internal.license.VersionPrinter    : Flyway Community Edition 5.2.0 by Boxfuse
2021-11-22 07:44:30.388  INFO 8064 --- [           main] com.zaxxer.hikari.HikariDataSource       : HikariPool-1 - Starting...
2021-11-22 07:44:30.920  INFO 8064 --- [           main] com.zaxxer.hikari.HikariDataSource       : HikariPool-1 - Start completed.
2021-11-22 07:44:30.928  INFO 8064 --- [           main] o.f.c.internal.database.DatabaseFactory  : Database: jdbc:mysql://mysql-db-server:3306/subway (MySQL 5.7)
2021-11-22 07:44:31.093  INFO 8064 --- [           main] o.f.core.internal.command.DbValidate     : Successfully validated 1 migration (execution time 00:00.084s)
2021-11-22 07:44:31.122  INFO 8064 --- [           main] o.f.core.internal.command.DbMigrate      : Current version of schema `subway`: 1
2021-11-22 07:44:31.126  INFO 8064 --- [           main] o.f.core.internal.command.DbMigrate      : Schema `subway` is up to date. No migration necessary.
2021-11-22 07:44:31.453  INFO 8064 --- [           main] o.hibernate.jpa.internal.util.LogHelper  : HHH000204: Processing PersistenceUnitInfo [name: default]
2021-11-22 07:44:31.588  INFO 8064 --- [           main] org.hibernate.Version                    : HHH000412: Hibernate ORM core version 5.4.23.Final
2021-11-22 07:44:31.963  INFO 8064 --- [           main] o.hibernate.annotations.common.Version   : HCANN000001: Hibernate Commons Annotations {5.1.2.Final}
2021-11-22 07:44:32.276  INFO 8064 --- [           main] org.hibernate.dialect.Dialect            : HHH000400: Using dialect: org.hibernate.dialect.MySQL57Dialect
2021-11-22 07:44:34.078  INFO 8064 --- [           main] o.h.e.t.j.p.i.JtaPlatformInitiator       : HHH000490: Using JtaPlatform implementation: [org.hibernate.engine.transaction.jta.platform.internal.NoJtaPlatform]
2021-11-22 07:44:34.109  INFO 8064 --- [           main] j.LocalContainerEntityManagerFactoryBean : Initialized JPA EntityManagerFactory for persistence unit 'default'
2021-11-22 07:44:35.521  WARN 8064 --- [           main] JpaBaseConfiguration$JpaWebConfiguration : spring.jpa.open-in-view is enabled by default. Therefore, database queries may be performed during view rendering. Explicitly configure spring.jpa.open-in-view to disable this warning
2021-11-22 07:44:35.824  INFO 8064 --- [           main] o.s.s.concurrent.ThreadPoolTaskExecutor  : Initializing ExecutorService 'applicationTaskExecutor'
2021-11-22 07:44:36.064  INFO 8064 --- [           main] o.s.b.a.w.s.WelcomePageHandlerMapping    : Adding welcome page template: index
2021-11-22 07:44:36.639  INFO 8064 --- [           main] o.s.b.w.embedded.tomcat.TomcatWebServer  : Tomcat started on port(s): 8080 (http) with context path ''
2021-11-22 07:44:36.661  INFO 8064 --- [           main] nextstep.subway.SubwayApplication        : Started SubwayApplication in 13.774 seconds (JVM running for 15.053)
2021-11-22 07:44:40.723  INFO 8064 --- [nio-8080-exec-1] o.a.c.c.C.[Tomcat].[localhost].[/]       : Initializing Spring DispatcherServlet 'dispatcherServlet'
2021-11-22 07:44:40.724  INFO 8064 --- [nio-8080-exec-1] o.s.web.servlet.DispatcherServlet        : Initializing Servlet 'dispatcherServlet'
2021-11-22 07:44:40.731  INFO 8064 --- [nio-8080-exec-1] o.s.web.servlet.DispatcherServlet        : Completed initialization in 5 ms
GET / HTTP/1.0
host: app
connection: close
cache-control: max-age=0
sec-ch-ua: "Google Chrome";v="95", "Chromium";v="95", ";Not A Brand";v="99"
sec-ch-ua-mobile: ?0
sec-ch-ua-platform: "Windows"
upgrade-insecure-requests: 1
user-agent: Mozilla/5.0 (Windows NT 10.0; Win64; x64) AppleWebKit/537.36 (KHTML, like Gecko) Chrome/95.0.4638.69 Safari/537.36
accept: text/html,application/xhtml+xml,application/xml;q=0.9,image/avif,image/webp,image/apng,*/*;q=0.8,application/signed-exchange;v=b3;q=0.9
sec-fetch-site: none
sec-fetch-mode: navigate
sec-fetch-user: ?1
sec-fetch-dest: document
accept-encoding: gzip, deflate, br
accept-language: ko-KR,ko;q=0.9



HTTP/1.1 200 OK
Connection: close
Content-Length: 1000
Content-Language: ko-KR
Date: Mon, 22 Nov 2021 07:44:41 GMT
Content-Type: text/html;charset=UTF-8



GET /js/main.js HTTP/1.0
host: app
connection: close
sec-ch-ua: "Google Chrome";v="95", "Chromium";v="95", ";Not A Brand";v="99"
sec-ch-ua-mobile: ?0
user-agent: Mozilla/5.0 (Windows NT 10.0; Win64; x64) AppleWebKit/537.36 (KHTML, like Gecko) Chrome/95.0.4638.69 Safari/537.36
sec-ch-ua-platform: "Windows"
accept: */*
sec-fetch-site: same-origin
sec-fetch-mode: no-cors
sec-fetch-dest: script
referer: https://13.209.49.162/
accept-encoding: gzip, deflate, br
accept-language: ko-KR,ko;q=0.9



HTTP/1.1 200 OK
Accept-Ranges: bytes
Connection: close
Vary: Origin
Last-Modified: Mon, 22 Nov 2021 07:40:35 GMT
Content-Length: 176083
Date: Mon, 22 Nov 2021 07:44:41 GMT
Content-Type: application/javascript



GET /js/vendors.js HTTP/1.0
host: app
connection: close
sec-ch-ua: "Google Chrome";v="95", "Chromium";v="95", ";Not A Brand";v="99"
sec-ch-ua-mobile: ?0
user-agent: Mozilla/5.0 (Windows NT 10.0; Win64; x64) AppleWebKit/537.36 (KHTML, like Gecko) Chrome/95.0.4638.69 Safari/537.36
sec-ch-ua-platform: "Windows"
accept: */*
sec-fetch-site: same-origin
sec-fetch-mode: no-cors
sec-fetch-dest: script
referer: https://13.209.49.162/
accept-encoding: gzip, deflate, br
accept-language: ko-KR,ko;q=0.9



HTTP/1.1 200 OK
Accept-Ranges: bytes
Connection: close
Vary: Origin
Last-Modified: Mon, 22 Nov 2021 07:40:35 GMT
Content-Length: 2176047
Date: Mon, 22 Nov 2021 07:44:41 GMT
Content-Type: application/javascript



GET /images/main_logo.png HTTP/1.0
host: app
connection: close
sec-ch-ua: "Google Chrome";v="95", "Chromium";v="95", ";Not A Brand";v="99"
sec-ch-ua-mobile: ?0
user-agent: Mozilla/5.0 (Windows NT 10.0; Win64; x64) AppleWebKit/537.36 (KHTML, like Gecko) Chrome/95.0.4638.69 Safari/537.36
sec-ch-ua-platform: "Windows"
accept: image/avif,image/webp,image/apng,image/svg+xml,image/*,*/*;q=0.8
sec-fetch-site: same-origin
sec-fetch-mode: no-cors
sec-fetch-dest: image
referer: https://13.209.49.162/
accept-encoding: gzip, deflate, br
accept-language: ko-KR,ko;q=0.9



HTTP/1.1 200 OK
Accept-Ranges: bytes
Connection: close
Vary: Origin
Last-Modified: Mon, 22 Nov 2021 07:40:35 GMT
Content-Length: 4214
Date: Mon, 22 Nov 2021 07:44:41 GMT
Content-Type: image/png

[IMAGE CONTENTS SUPPRESSED]

GET /images/logo_small.png HTTP/1.0
host: app
connection: close
sec-ch-ua: "Google Chrome";v="95", "Chromium";v="95", ";Not A Brand";v="99"
sec-ch-ua-mobile: ?0
user-agent: Mozilla/5.0 (Windows NT 10.0; Win64; x64) AppleWebKit/537.36 (KHTML, like Gecko) Chrome/95.0.4638.69 Safari/537.36
sec-ch-ua-platform: "Windows"
accept: image/avif,image/webp,image/apng,image/svg+xml,image/*,*/*;q=0.8
sec-fetch-site: same-origin
sec-fetch-mode: no-cors
sec-fetch-dest: image
referer: https://13.209.49.162/
accept-encoding: gzip, deflate, br
accept-language: ko-KR,ko;q=0.9



HTTP/1.1 200 OK
Accept-Ranges: bytes
Connection: close
Vary: Origin
Last-Modified: Mon, 22 Nov 2021 07:40:35 GMT
Content-Length: 740
Date: Mon, 22 Nov 2021 07:44:41 GMT
Content-Type: image/png

[IMAGE CONTENTS SUPPRESSED]

GET /favicon.ico HTTP/1.0
host: app
connection: close
sec-ch-ua: "Google Chrome";v="95", "Chromium";v="95", ";Not A Brand";v="99"
sec-ch-ua-mobile: ?0
user-agent: Mozilla/5.0 (Windows NT 10.0; Win64; x64) AppleWebKit/537.36 (KHTML, like Gecko) Chrome/95.0.4638.69 Safari/537.36
sec-ch-ua-platform: "Windows"
accept: image/avif,image/webp,image/apng,image/svg+xml,image/*,*/*;q=0.8
sec-fetch-site: same-origin
sec-fetch-mode: no-cors
sec-fetch-dest: image
referer: https://13.209.49.162/
accept-encoding: gzip, deflate, br
accept-language: ko-KR,ko;q=0.9



HTTP/1.1 404 Not Found
Connection: close
Vary: Origin
Date: Mon, 22 Nov 2021 07:44:42 GMT
Content-Type: application/json



GET / HTTP/1.0
host: app
connection: close
cache-control: max-age=0
sec-ch-ua: "Google Chrome";v="95", "Chromium";v="95", ";Not A Brand";v="99"
sec-ch-ua-mobile: ?0
sec-ch-ua-platform: "Windows"
upgrade-insecure-requests: 1
user-agent: Mozilla/5.0 (Windows NT 10.0; Win64; x64) AppleWebKit/537.36 (KHTML, like Gecko) Chrome/95.0.4638.69 Safari/537.36
accept: text/html,application/xhtml+xml,application/xml;q=0.9,image/avif,image/webp,image/apng,*/*;q=0.8,application/signed-exchange;v=b3;q=0.9
sec-fetch-site: none
sec-fetch-mode: navigate
sec-fetch-user: ?1
sec-fetch-dest: document
accept-encoding: gzip, deflate, br
accept-language: ko-KR,ko;q=0.9



HTTP/1.1 200 OK
Connection: close
Content-Length: 1000
Content-Language: ko-KR
Date: Mon, 22 Nov 2021 07:45:19 GMT
Content-Type: text/html;charset=UTF-8



GET /js/main.js HTTP/1.0
host: app
connection: close
sec-ch-ua: "Google Chrome";v="95", "Chromium";v="95", ";Not A Brand";v="99"
if-modified-since: Mon, 22 Nov 2021 07:40:35 GMT
sec-ch-ua-mobile: ?0
user-agent: Mozilla/5.0 (Windows NT 10.0; Win64; x64) AppleWebKit/537.36 (KHTML, like Gecko) Chrome/95.0.4638.69 Safari/537.36
sec-ch-ua-platform: "Windows"
accept: */*
sec-fetch-site: same-origin
sec-fetch-mode: no-cors
sec-fetch-dest: script
referer: https://13.209.49.162/
accept-encoding: gzip, deflate, br
accept-language: ko-KR,ko;q=0.9



HTTP/1.1 304 Not Modified
Connection: close
Vary: Origin
Last-Modified: Mon, 22 Nov 2021 07:40:35 GMT
Date: Mon, 22 Nov 2021 07:45:19 GMT



GET /js/vendors.js HTTP/1.0
host: app
connection: close
sec-ch-ua: "Google Chrome";v="95", "Chromium";v="95", ";Not A Brand";v="99"
if-modified-since: Mon, 22 Nov 2021 07:40:35 GMT
sec-ch-ua-mobile: ?0
user-agent: Mozilla/5.0 (Windows NT 10.0; Win64; x64) AppleWebKit/537.36 (KHTML, like Gecko) Chrome/95.0.4638.69 Safari/537.36
sec-ch-ua-platform: "Windows"
accept: */*
sec-fetch-site: same-origin
sec-fetch-mode: no-cors
sec-fetch-dest: script
referer: https://13.209.49.162/
accept-encoding: gzip, deflate, br
accept-language: ko-KR,ko;q=0.9



HTTP/1.1 304 Not Modified
Connection: close
Vary: Origin
Last-Modified: Mon, 22 Nov 2021 07:40:35 GMT
Date: Mon, 22 Nov 2021 07:45:19 GMT



GET /images/main_logo.png HTTP/1.0
host: app
connection: close
sec-ch-ua: "Google Chrome";v="95", "Chromium";v="95", ";Not A Brand";v="99"
if-modified-since: Mon, 22 Nov 2021 07:40:35 GMT
sec-ch-ua-mobile: ?0
user-agent: Mozilla/5.0 (Windows NT 10.0; Win64; x64) AppleWebKit/537.36 (KHTML, like Gecko) Chrome/95.0.4638.69 Safari/537.36
sec-ch-ua-platform: "Windows"
accept: image/avif,image/webp,image/apng,image/svg+xml,image/*,*/*;q=0.8
sec-fetch-site: same-origin
sec-fetch-mode: no-cors
sec-fetch-dest: image
referer: https://13.209.49.162/
accept-encoding: gzip, deflate, br
accept-language: ko-KR,ko;q=0.9



HTTP/1.1 304 Not Modified
Connection: close
Vary: Origin
Last-Modified: Mon, 22 Nov 2021 07:40:35 GMT
Date: Mon, 22 Nov 2021 07:45:19 GMT



GET /images/logo_small.png HTTP/1.0
host: app
connection: close
sec-ch-ua: "Google Chrome";v="95", "Chromium";v="95", ";Not A Brand";v="99"
if-modified-since: Mon, 22 Nov 2021 07:40:35 GMT
sec-ch-ua-mobile: ?0
user-agent: Mozilla/5.0 (Windows NT 10.0; Win64; x64) AppleWebKit/537.36 (KHTML, like Gecko) Chrome/95.0.4638.69 Safari/537.36
sec-ch-ua-platform: "Windows"
accept: image/avif,image/webp,image/apng,image/svg+xml,image/*,*/*;q=0.8
sec-fetch-site: same-origin
sec-fetch-mode: no-cors
sec-fetch-dest: image
referer: https://13.209.49.162/
accept-encoding: gzip, deflate, br
accept-language: ko-KR,ko;q=0.9



HTTP/1.1 304 Not Modified
Connection: close
Vary: Origin
Last-Modified: Mon, 22 Nov 2021 07:40:35 GMT
Date: Mon, 22 Nov 2021 07:45:19 GMT



GET / HTTP/1.0
host: app
connection: close
cache-control: max-age=0
sec-ch-ua: "Google Chrome";v="95", "Chromium";v="95", ";Not A Brand";v="99"
sec-ch-ua-mobile: ?0
sec-ch-ua-platform: "Windows"
upgrade-insecure-requests: 1
user-agent: Mozilla/5.0 (Windows NT 10.0; Win64; x64) AppleWebKit/537.36 (KHTML, like Gecko) Chrome/95.0.4638.69 Safari/537.36
accept: text/html,application/xhtml+xml,application/xml;q=0.9,image/avif,image/webp,image/apng,*/*;q=0.8,application/signed-exchange;v=b3;q=0.9
sec-fetch-site: none
sec-fetch-mode: navigate
sec-fetch-user: ?1
sec-fetch-dest: document
accept-encoding: gzip, deflate, br
accept-language: ko-KR,ko;q=0.9



HTTP/1.1 200 OK
Connection: close
Content-Length: 1000
Content-Language: ko-KR
Date: Mon, 22 Nov 2021 07:45:21 GMT
Content-Type: text/html;charset=UTF-8



