
  .   ____          _            __ _ _
 /\\ / ___'_ __ _ _(_)_ __  __ _ \ \ \ \
( ( )\___ | '_ | '_| | '_ \/ _` | \ \ \ \
 \\/  ___)| |_)| | | | | || (_| |  ) ) ) )
  '  |____| .__|_| |_|_| |_\__, | / / / /
 =========|_|==============|___/=/_/_/_/
 :: Spring Boot ::       (v2.4.0-SNAPSHOT)

2022-11-26 18:57:59.755  INFO 53288 --- [           main] nextstep.subway.SubwayApplication        : Starting SubwayApplication using Java 1.8.0_352 on yomni.local with PID 53288 (/Users/jym/dev/wootechcamp-pro-5th/infra-subway-deploy/build/libs/subway.jar started by jym in /Users/jym/dev/wootechcamp-pro-5th/infra-subway-deploy)
2022-11-26 18:57:59.760  INFO 53288 --- [           main] nextstep.subway.SubwayApplication        : The following profiles are active: local
2022-11-26 18:58:00.918  INFO 53288 --- [           main] .s.d.r.c.RepositoryConfigurationDelegate : Bootstrapping Spring Data JPA repositories in DEFAULT mode.
2022-11-26 18:58:01.043  INFO 53288 --- [           main] .s.d.r.c.RepositoryConfigurationDelegate : Finished Spring Data repository scanning in 114 ms. Found 4 JPA repository interfaces.
2022-11-26 18:58:02.081  INFO 53288 --- [           main] trationDelegate$BeanPostProcessorChecker : Bean 'pl.allegro.tech.boot.autoconfigure.handlebars.HandlebarsHelpersAutoConfiguration' of type [pl.allegro.tech.boot.autoconfigure.handlebars.HandlebarsHelpersAutoConfiguration$$EnhancerBySpringCGLIB$$c9c99fba] is not eligible for getting processed by all BeanPostProcessors (for example: not eligible for auto-proxying)
2022-11-26 18:58:02.144  INFO 53288 --- [           main] trationDelegate$BeanPostProcessorChecker : Bean 'handlebars.resolver-pl.allegro.tech.boot.autoconfigure.handlebars.HandlebarsValueResolversProperties' of type [pl.allegro.tech.boot.autoconfigure.handlebars.HandlebarsValueResolversProperties] is not eligible for getting processed by all BeanPostProcessors (for example: not eligible for auto-proxying)
2022-11-26 18:58:02.166  INFO 53288 --- [           main] trationDelegate$BeanPostProcessorChecker : Bean 'handlebars-pl.allegro.tech.boot.autoconfigure.handlebars.HandlebarsProperties' of type [pl.allegro.tech.boot.autoconfigure.handlebars.HandlebarsProperties] is not eligible for getting processed by all BeanPostProcessors (for example: not eligible for auto-proxying)
2022-11-26 18:58:02.170  INFO 53288 --- [           main] trationDelegate$BeanPostProcessorChecker : Bean 'pl.allegro.tech.boot.autoconfigure.handlebars.HandlebarsAutoConfiguration$HandlebarsViewResolverConfiguration' of type [pl.allegro.tech.boot.autoconfigure.handlebars.HandlebarsAutoConfiguration$HandlebarsViewResolverConfiguration$$EnhancerBySpringCGLIB$$dcb0ca58] is not eligible for getting processed by all BeanPostProcessors (for example: not eligible for auto-proxying)
2022-11-26 18:58:02.313  INFO 53288 --- [           main] trationDelegate$BeanPostProcessorChecker : Bean 'handlebarsViewResolver' of type [com.github.jknack.handlebars.springmvc.HandlebarsViewResolver] is not eligible for getting processed by all BeanPostProcessors (for example: not eligible for auto-proxying)
2022-11-26 18:58:02.897  INFO 53288 --- [           main] o.s.b.w.embedded.tomcat.TomcatWebServer  : Tomcat initialized with port(s): 8080 (http)
2022-11-26 18:58:02.916  INFO 53288 --- [           main] o.apache.catalina.core.StandardService   : Starting service [Tomcat]
2022-11-26 18:58:02.917  INFO 53288 --- [           main] org.apache.catalina.core.StandardEngine  : Starting Servlet engine: [Apache Tomcat/9.0.39]
2022-11-26 18:58:02.995  INFO 53288 --- [           main] o.a.c.c.C.[Tomcat].[localhost].[/]       : Initializing Spring embedded WebApplicationContext
2022-11-26 18:58:02.995  INFO 53288 --- [           main] w.s.c.ServletWebServerApplicationContext : Root WebApplicationContext: initialization completed in 3089 ms
2022-11-26 18:58:03.237  INFO 53288 --- [           main] n.r.s.b.l.access.LogbackAccessContext    : Configured the Logback-access: context=[default], config=[classpath:logback-access.xml]
2022-11-26 18:58:04.422  INFO 53288 --- [           main] o.hibernate.jpa.internal.util.LogHelper  : HHH000204: Processing PersistenceUnitInfo [name: default]
2022-11-26 18:58:04.566  INFO 53288 --- [           main] org.hibernate.Version                    : HHH000412: Hibernate ORM core version 5.4.23.Final
2022-11-26 18:58:04.845  INFO 53288 --- [           main] o.hibernate.annotations.common.Version   : HCANN000001: Hibernate Commons Annotations {5.1.2.Final}
2022-11-26 18:58:04.965  INFO 53288 --- [           main] com.zaxxer.hikari.HikariDataSource       : HikariPool-1 - Starting...
2022-11-26 18:58:05.518  INFO 53288 --- [           main] com.zaxxer.hikari.HikariDataSource       : HikariPool-1 - Start completed.
2022-11-26 18:58:05.540  INFO 53288 --- [           main] org.hibernate.dialect.Dialect            : HHH000400: Using dialect: org.hibernate.dialect.MySQL5Dialect
2022-11-26 18:58:07.065  INFO 53288 --- [           main] o.h.e.t.j.p.i.JtaPlatformInitiator       : HHH000490: Using JtaPlatform implementation: [org.hibernate.engine.transaction.jta.platform.internal.NoJtaPlatform]
2022-11-26 18:58:07.078  INFO 53288 --- [           main] j.LocalContainerEntityManagerFactoryBean : Initialized JPA EntityManagerFactory for persistence unit 'default'
2022-11-26 18:58:08.639  WARN 53288 --- [           main] JpaBaseConfiguration$JpaWebConfiguration : spring.jpa.open-in-view is enabled by default. Therefore, database queries may be performed during view rendering. Explicitly configure spring.jpa.open-in-view to disable this warning
2022-11-26 18:58:08.864  INFO 53288 --- [           main] o.s.s.concurrent.ThreadPoolTaskExecutor  : Initializing ExecutorService 'applicationTaskExecutor'
2022-11-26 18:58:09.026  INFO 53288 --- [           main] o.s.b.a.w.s.WelcomePageHandlerMapping    : Adding welcome page template: index
2022-11-26 18:58:09.344  INFO 53288 --- [           main] o.s.b.w.embedded.tomcat.TomcatWebServer  : Tomcat started on port(s): 8080 (http) with context path ''
2022-11-26 18:58:09.360  INFO 53288 --- [           main] nextstep.subway.SubwayApplication        : Started SubwayApplication in 10.602 seconds (JVM running for 11.396)
